
> julia-bot@1.0.0 start
> node dist/index.js

[dotenv@17.2.2] injecting env (10) from .env -- tip: 🔐 encrypt with Dotenvx: https://dotenvx.com
[Boot] Starting…
[Boot] Config OK
[Boot] DB initialized
[Boot] Starting bot (polling)…
[Boot] Polling started
[Logger] Система логирования инициализирована
[Scheduler] Запущен. Часовой пояс: Europe/Kyiv
[Boot] Scheduler started
Bot started. Listening on 3000
Server listening on :3000
[Boot] Bot polling crashed: TelegramError: 409: Conflict: terminated by other getUpdates request; make sure that only one bot instance is running
    at Telegram.callApi (/Users/atrey/Desktop/Julia_bot/node_modules/telegraf/lib/core/network/client.js:315:19)
    at process.processTicksAndRejections (node:internal/process/task_queues:95:5)
    at async [Symbol.asyncIterator] (/Users/atrey/Desktop/Julia_bot/node_modules/telegraf/lib/core/network/polling.js:30:33)
    at async Polling.loop (/Users/atrey/Desktop/Julia_bot/node_modules/telegraf/lib/core/network/polling.js:73:30)
    at async Telegraf.launch (/Users/atrey/Desktop/Julia_bot/node_modules/telegraf/lib/telegraf.js:194:13) {
  response: {
    ok: false,
    error_code: 409,
    description: 'Conflict: terminated by other getUpdates request; make sure that only one bot instance is running'
  },
  on: {
    method: 'getUpdates',
    payload: { timeout: 50, offset: 0, allowed_updates: [Array] }
  }
}
